starting build

**********************************************************************

Test build
build xv6 using make

**********************************************************************
Trying to build project using make
make
gcc  -I include -nostdinc -Wall -Werror -ggdb -fno-pic -fno-builtin -fno-strict-aliasing -fno-stack-protector -m32 \
	-M -MG kernel/proc.c -MF kernel/proc.d -MT kernel/proc.d -MT kernel/proc.o
gcc  -I include -nostdinc -Wall -Werror -ggdb -fno-pic -fno-builtin -fno-strict-aliasing -fno-stack-protector -m32 -c -o kernel/proc.o kernel/proc.c
ld  -m    elf_i386 -nostdlib --omagic \
	--section-start=.text=0x100000 --entry=main --output=kernel/kernel \
	kernel/multiboot.o kernel/data.o kernel/bio.o kernel/console.o kernel/exec.o kernel/file.o kernel/fs.o kernel/ide.o kernel/ioapic.o kernel/kalloc.o kernel/kbd.o kernel/lapic.o kernel/main.o kernel/mp.o kernel/picirq.o kernel/pipe.o kernel/proc.o kernel/spinlock.o kernel/string.o kernel/swtch.o kernel/syscall.o kernel/sysfile.o kernel/sysproc.o kernel/timer.o kernel/trapasm.o kernel/trap.o kernel/uart.o kernel/vectors.o kernel/vm.o \
	-b binary initcode bootother
dd if=/dev/zero of=xv6.img count=10000
10000+0 records in
10000+0 records out
5120000 bytes (5.1 MB, 4.9 MiB) copied, 0.0198061 s, 259 MB/s
dd if=kernel/bootblock of=xv6.img conv=notrunc
1+0 records in
1+0 records out
512 bytes copied, 5.3031e-05 s, 9.7 MB/s
dd if=kernel/kernel of=xv6.img seek=1 conv=notrunc
265+1 records in
265+1 records out
135932 bytes (136 kB, 133 KiB) copied, 0.000402207 s, 338 MB/s


test build PASSED
 (build xv6 using make)

starting clone_basic

**********************************************************************

Test clone_basic
test for basic functionailty of clone(), with no cleanup

**********************************************************************
Running xv6 user progam /p/course/cs537-shivaram/tests/p4b//ctests/clone_basic.c
Trying to build project using make
make
gcc  -I include -nostdinc -Wall -Werror -ggdb -fno-pic -fno-builtin -fno-strict-aliasing -fno-stack-protector -m32 \
	-M -MG user/tester.c -MF user/tester.d -MT user/tester.d -MT user/tester.o
gcc  -I include -nostdinc -Wall -Werror -ggdb -fno-pic -fno-builtin -fno-strict-aliasing -fno-stack-protector -m32 -c -o user/tester.o user/tester.c
ld  -m    elf_i386 -nostdlib --omagic --entry=main --section-start=.text=0x0 --output=user/bin/tester user/tester.o user/ulib.o user/usys.o user/printf.o user/umalloc.o
cp user/bin/tester fs/tester
./tools/mkfs fs.img fs
used 29 (bit 1 ninode 26) free 29 total 1024
kill
tester
init
ls
usertests
cat
forktest
rm
echo
grep
wc
ln
mkdir
README
clone_basic
sh
zombie
stressfs
balloc: first 480 blocks have been allocated
balloc: write bitmap block at sector 28
rm user/bin/tester
make qemu-nox 
Ctrl+a h for help
/p/course/cs537-remzi/ta/tools/qemu -nographic -hdb fs.img xv6.img -smp 2
WARNING: Image format was not specified for 'fs.img' and probing guessed raw.
         Automatically detecting the format is dangerous for raw images, write operations on block 0 will be restricted.
         Specify the 'raw' format explicitly to remove the restrictions.
WARNING: Image format was not specified for 'xv6.img' and probing guessed raw.
         Automatically detecting the format is dangerous for raw images, write operations on block 0 will be restricted.
         Specify the 'raw' format explicitly to remove the restrictions.
xv6...
lapicinit: 1 0xfee00000
cpu1: starting
cpu0: starting
init: starting sh
$ tester
tester
PASSED TEST!


test clone_basic PASSED (10 of 10)
 (test for basic functionailty of clone(), with no cleanup)

starting clone_arguments

**********************************************************************

Test clone_arguments
test for arguments to clone() and join()

**********************************************************************
Running xv6 user progam /p/course/cs537-shivaram/tests/p4b//ctests/clone_arguments.c
Trying to build project using make
make
gcc  -I include -nostdinc -Wall -Werror -ggdb -fno-pic -fno-builtin -fno-strict-aliasing -fno-stack-protector -m32 \
	-M -MG user/tester.c -MF user/tester.d -MT user/tester.d -MT user/tester.o
gcc  -I include -nostdinc -Wall -Werror -ggdb -fno-pic -fno-builtin -fno-strict-aliasing -fno-stack-protector -m32 -c -o user/tester.o user/tester.c
ld  -m    elf_i386 -nostdlib --omagic --entry=main --section-start=.text=0x0 --output=user/bin/tester user/tester.o user/ulib.o user/usys.o user/printf.o user/umalloc.o
cp user/bin/tester fs/tester
./tools/mkfs fs.img fs
used 29 (bit 1 ninode 26) free 29 total 1024
kill
tester
init
ls
usertests
cat
forktest
rm
echo
grep
wc
ln
mkdir
README
clone_basic
sh
zombie
stressfs
balloc: first 483 blocks have been allocated
balloc: write bitmap block at sector 28
rm user/bin/tester
make qemu-nox 
Ctrl+a h for help
/p/course/cs537-remzi/ta/tools/qemu -nographic -hdb fs.img xv6.img -smp 2
WARNING: Image format was not specified for 'fs.img' and probing guessed raw.
         Automatically detecting the format is dangerous for raw images, write operations on block 0 will be restricted.
         Specify the 'raw' format explicitly to remove the restrictions.
WARNING: Image format was not specified for 'xv6.img' and probing guessed raw.
         Automatically detecting the format is dangerous for raw images, write operations on block 0 will be restricted.
         Specify the 'raw' format explicitly to remove the restrictions.
xv6...
lapicinit: 1 0xfee00000
cpu1: starting
cpu0: starting
init: starting sh
$ tester
tester
PASSED TEST!


test clone_arguments PASSED (10 of 10)
 (test for arguments to clone() and join())

starting clone_bad

**********************************************************************

Test clone_bad
error tests for clone() and join()

**********************************************************************
Running xv6 user progam /p/course/cs537-shivaram/tests/p4b//ctests/clone_bad.c
Trying to build project using make
make
gcc  -I include -nostdinc -Wall -Werror -ggdb -fno-pic -fno-builtin -fno-strict-aliasing -fno-stack-protector -m32 \
	-M -MG user/tester.c -MF user/tester.d -MT user/tester.d -MT user/tester.o
gcc  -I include -nostdinc -Wall -Werror -ggdb -fno-pic -fno-builtin -fno-strict-aliasing -fno-stack-protector -m32 -c -o user/tester.o user/tester.c
ld  -m    elf_i386 -nostdlib --omagic --entry=main --section-start=.text=0x0 --output=user/bin/tester user/tester.o user/ulib.o user/usys.o user/printf.o user/umalloc.o
cp user/bin/tester fs/tester
./tools/mkfs fs.img fs
used 29 (bit 1 ninode 26) free 29 total 1024
kill
tester
init
ls
usertests
cat
forktest
rm
echo
grep
wc
ln
mkdir
README
clone_basic
sh
zombie
stressfs
balloc: first 483 blocks have been allocated
balloc: write bitmap block at sector 28
rm user/bin/tester
make qemu-nox 
Ctrl+a h for help
/p/course/cs537-remzi/ta/tools/qemu -nographic -hdb fs.img xv6.img -smp 2
WARNING: Image format was not specified for 'fs.img' and probing guessed raw.
         Automatically detecting the format is dangerous for raw images, write operations on block 0 will be restricted.
         Specify the 'raw' format explicitly to remove the restrictions.
WARNING: Image format was not specified for 'xv6.img' and probing guessed raw.
         Automatically detecting the format is dangerous for raw images, write operations on block 0 will be restricted.
         Specify the 'raw' format explicitly to remove the restrictions.
xv6...
lapicinit: 1 0xfee00000
cpu1: starting
cpu0: starting
init: starting sh
$ tester
tester
PASSED TEST!


test clone_bad PASSED (10 of 10)
 (error tests for clone() and join())

starting clone_wait

**********************************************************************

Test clone_wait
after clone(), wait() should not succeed

**********************************************************************
Running xv6 user progam /p/course/cs537-shivaram/tests/p4b//ctests/clone_wait.c
Trying to build project using make
make
gcc  -I include -nostdinc -Wall -Werror -ggdb -fno-pic -fno-builtin -fno-strict-aliasing -fno-stack-protector -m32 \
	-M -MG user/tester.c -MF user/tester.d -MT user/tester.d -MT user/tester.o
gcc  -I include -nostdinc -Wall -Werror -ggdb -fno-pic -fno-builtin -fno-strict-aliasing -fno-stack-protector -m32 -c -o user/tester.o user/tester.c
ld  -m    elf_i386 -nostdlib --omagic --entry=main --section-start=.text=0x0 --output=user/bin/tester user/tester.o user/ulib.o user/usys.o user/printf.o user/umalloc.o
cp user/bin/tester fs/tester
./tools/mkfs fs.img fs
used 29 (bit 1 ninode 26) free 29 total 1024
kill
tester
init
ls
usertests
cat
forktest
rm
echo
grep
wc
ln
mkdir
README
clone_basic
sh
zombie
stressfs
balloc: first 481 blocks have been allocated
balloc: write bitmap block at sector 28
rm user/bin/tester
make qemu-nox 
Ctrl+a h for help
/p/course/cs537-remzi/ta/tools/qemu -nographic -hdb fs.img xv6.img -smp 2
WARNING: Image format was not specified for 'fs.img' and probing guessed raw.
         Automatically detecting the format is dangerous for raw images, write operations on block 0 will be restricted.
         Specify the 'raw' format explicitly to remove the restrictions.
WARNING: Image format was not specified for 'xv6.img' and probing guessed raw.
         Automatically detecting the format is dangerous for raw images, write operations on block 0 will be restricted.
         Specify the 'raw' format explicitly to remove the restrictions.
xv6...
lapicinit: 1 0xfee00000
cpu1: starting
cpu0: starting
init: starting sh
$ tester
tester
PASSED TEST!


test clone_wait PASSED (10 of 10)
 (after clone(), wait() should not succeed)

starting fork_join

**********************************************************************

Test fork_join
after fork(), join() should not succeed

**********************************************************************
Running xv6 user progam /p/course/cs537-shivaram/tests/p4b//ctests/fork_join.c
Trying to build project using make
make
gcc  -I include -nostdinc -Wall -Werror -ggdb -fno-pic -fno-builtin -fno-strict-aliasing -fno-stack-protector -m32 \
	-M -MG user/tester.c -MF user/tester.d -MT user/tester.d -MT user/tester.o
gcc  -I include -nostdinc -Wall -Werror -ggdb -fno-pic -fno-builtin -fno-strict-aliasing -fno-stack-protector -m32 -c -o user/tester.o user/tester.c
ld  -m    elf_i386 -nostdlib --omagic --entry=main --section-start=.text=0x0 --output=user/bin/tester user/tester.o user/ulib.o user/usys.o user/printf.o user/umalloc.o
cp user/bin/tester fs/tester
./tools/mkfs fs.img fs
used 29 (bit 1 ninode 26) free 29 total 1024
kill
tester
init
ls
usertests
cat
forktest
rm
echo
grep
wc
ln
mkdir
README
clone_basic
sh
zombie
stressfs
balloc: first 478 blocks have been allocated
balloc: write bitmap block at sector 28
rm user/bin/tester
make qemu-nox 
Ctrl+a h for help
/p/course/cs537-remzi/ta/tools/qemu -nographic -hdb fs.img xv6.img -smp 2
WARNING: Image format was not specified for 'fs.img' and probing guessed raw.
         Automatically detecting the format is dangerous for raw images, write operations on block 0 will be restricted.
         Specify the 'raw' format explicitly to remove the restrictions.
WARNING: Image format was not specified for 'xv6.img' and probing guessed raw.
         Automatically detecting the format is dangerous for raw images, write operations on block 0 will be restricted.
         Specify the 'raw' format explicitly to remove the restrictions.
xv6...
lapicinit: 1 0xfee00000
cpu1: starting
cpu0: starting
init: starting sh
$ tester
tester
PASSED TEST!


test fork_join PASSED (10 of 10)
 (after fork(), join() should not succeed)

starting threads_basic

**********************************************************************

Test threads_basic
basic tests for thread_create() and thread_join()

**********************************************************************
Running xv6 user progam /p/course/cs537-shivaram/tests/p4b//ctests/threads_basic.c
Trying to build project using make
make
gcc  -I include -nostdinc -Wall -Werror -ggdb -fno-pic -fno-builtin -fno-strict-aliasing -fno-stack-protector -m32 \
	-M -MG user/tester.c -MF user/tester.d -MT user/tester.d -MT user/tester.o
gcc  -I include -nostdinc -Wall -Werror -ggdb -fno-pic -fno-builtin -fno-strict-aliasing -fno-stack-protector -m32 -c -o user/tester.o user/tester.c
ld  -m    elf_i386 -nostdlib --omagic --entry=main --section-start=.text=0x0 --output=user/bin/tester user/tester.o user/ulib.o user/usys.o user/printf.o user/umalloc.o
cp user/bin/tester fs/tester
./tools/mkfs fs.img fs
used 29 (bit 1 ninode 26) free 29 total 1024
kill
tester
init
ls
usertests
cat
forktest
rm
echo
grep
wc
ln
mkdir
README
clone_basic
sh
zombie
stressfs
balloc: first 482 blocks have been allocated
balloc: write bitmap block at sector 28
rm user/bin/tester
make qemu-nox 
Ctrl+a h for help
/p/course/cs537-remzi/ta/tools/qemu -nographic -hdb fs.img xv6.img -smp 2
WARNING: Image format was not specified for 'fs.img' and probing guessed raw.
         Automatically detecting the format is dangerous for raw images, write operations on block 0 will be restricted.
         Specify the 'raw' format explicitly to remove the restrictions.
WARNING: Image format was not specified for 'xv6.img' and probing guessed raw.
         Automatically detecting the format is dangerous for raw images, write operations on block 0 will be restricted.
         Specify the 'raw' format explicitly to remove the restrictions.
xv6...
lapicinit: 1 0xfee00000
cpu1: starting
cpu0: starting
init: starting sh
$ tester
tester
PASSED TEST!


test threads_basic PASSED (10 of 10)
 (basic tests for thread_create() and thread_join())

starting threads_many

**********************************************************************

Test threads_many
create and join many threads

**********************************************************************
Running xv6 user progam /p/course/cs537-shivaram/tests/p4b//ctests/threads_many.c
Trying to build project using make
make
gcc  -I include -nostdinc -Wall -Werror -ggdb -fno-pic -fno-builtin -fno-strict-aliasing -fno-stack-protector -m32 \
	-M -MG user/tester.c -MF user/tester.d -MT user/tester.d -MT user/tester.o
gcc  -I include -nostdinc -Wall -Werror -ggdb -fno-pic -fno-builtin -fno-strict-aliasing -fno-stack-protector -m32 -c -o user/tester.o user/tester.c
ld  -m    elf_i386 -nostdlib --omagic --entry=main --section-start=.text=0x0 --output=user/bin/tester user/tester.o user/ulib.o user/usys.o user/printf.o user/umalloc.o
cp user/bin/tester fs/tester
./tools/mkfs fs.img fs
used 29 (bit 1 ninode 26) free 29 total 1024
kill
tester
init
ls
usertests
cat
forktest
rm
echo
grep
wc
ln
mkdir
README
clone_basic
sh
zombie
stressfs
balloc: first 486 blocks have been allocated
balloc: write bitmap block at sector 28
rm user/bin/tester
make qemu-nox 
Ctrl+a h for help
/p/course/cs537-remzi/ta/tools/qemu -nographic -hdb fs.img xv6.img -smp 2
WARNING: Image format was not specified for 'fs.img' and probing guessed raw.
         Automatically detecting the format is dangerous for raw images, write operations on block 0 will be restricted.
         Specify the 'raw' format explicitly to remove the restrictions.
WARNING: Image format was not specified for 'xv6.img' and probing guessed raw.
         Automatically detecting the format is dangerous for raw images, write operations on block 0 will be restricted.
         Specify the 'raw' format explicitly to remove the restrictions.
xv6...
lapicinit: 1 0xfee00000
cpu1: starting
cpu0: starting
init: starting sh
$ tester
tester
Creating child threads...
Created 57 child threads
Joining all 57 child threads...
All 57 child threads joined
Creating child threads...
Created 61 child threads
Joining all 61 child threads...
All 61 child threads joined
Creating and joining 10000 child threads...
Forking and joining 100 child processes...
PASSED TEST!


test threads_many PASSED (10 of 10)
 (create and join many threads)

starting threads_sbrk

**********************************************************************

Test threads_sbrk
test to make sure threads handle sbrk() correctly

**********************************************************************
Running xv6 user progam /p/course/cs537-shivaram/tests/p4b//ctests/threads_sbrk.c
Trying to build project using make
make
gcc  -I include -nostdinc -Wall -Werror -ggdb -fno-pic -fno-builtin -fno-strict-aliasing -fno-stack-protector -m32 \
	-M -MG user/tester.c -MF user/tester.d -MT user/tester.d -MT user/tester.o
gcc  -I include -nostdinc -Wall -Werror -ggdb -fno-pic -fno-builtin -fno-strict-aliasing -fno-stack-protector -m32 -c -o user/tester.o user/tester.c
ld  -m    elf_i386 -nostdlib --omagic --entry=main --section-start=.text=0x0 --output=user/bin/tester user/tester.o user/ulib.o user/usys.o user/printf.o user/umalloc.o
cp user/bin/tester fs/tester
./tools/mkfs fs.img fs
used 29 (bit 1 ninode 26) free 29 total 1024
kill
tester
init
ls
usertests
cat
forktest
rm
echo
grep
wc
ln
mkdir
README
clone_basic
sh
zombie
stressfs
balloc: first 489 blocks have been allocated
balloc: write bitmap block at sector 28
rm user/bin/tester
make qemu-nox 
Ctrl+a h for help
/p/course/cs537-remzi/ta/tools/qemu -nographic -hdb fs.img xv6.img -smp 2
WARNING: Image format was not specified for 'fs.img' and probing guessed raw.
         Automatically detecting the format is dangerous for raw images, write operations on block 0 will be restricted.
         Specify the 'raw' format explicitly to remove the restrictions.
WARNING: Image format was not specified for 'xv6.img' and probing guessed raw.
         Automatically detecting the format is dangerous for raw images, write operations on block 0 will be restricted.
         Specify the 'raw' format explicitly to remove the restrictions.
xv6...
lapicinit: 1 0xfee00000
cpu1: starting
cpu0: starting
init: starting sh
$ tester
tester
Creating 1 thread to call sbrk() once...
Creating 2 threads to call sbrk() many times...
PASSED TEST!


test threads_sbrk PASSED (10 of 10)
 (test to make sure threads handle sbrk() correctly)

starting lock_basic

**********************************************************************

Test lock_basic
basic test for lock correctness

**********************************************************************
Running xv6 user progam /p/course/cs537-shivaram/tests/p4b//ctests/lock_basic.c
Trying to build project using make
make
gcc  -I include -nostdinc -Wall -Werror -ggdb -fno-pic -fno-builtin -fno-strict-aliasing -fno-stack-protector -m32 \
	-M -MG user/tester.c -MF user/tester.d -MT user/tester.d -MT user/tester.o
gcc  -I include -nostdinc -Wall -Werror -ggdb -fno-pic -fno-builtin -fno-strict-aliasing -fno-stack-protector -m32 -c -o user/tester.o user/tester.c
user/tester.c:20:1: error: unknown type name ‘lock_t’
 lock_t lock;
 ^~~~~~
user/tester.c: In function ‘func’:
user/tester.c:48:5: error: implicit declaration of function ‘lock_acquire’ [-Werror=implicit-function-declaration]
     lock_acquire(&lock);
     ^~~~~~~~~~~~
user/tester.c:54:5: error: implicit declaration of function ‘lock_release’; did you mean ‘__sync_lock_release’? [-Werror=implicit-function-declaration]
     lock_release(&lock);
     ^~~~~~~~~~~~
     __sync_lock_release
user/tester.c: In function ‘main’:
user/tester.c:69:3: error: implicit declaration of function ‘lock_init’ [-Werror=implicit-function-declaration]
   lock_init(&lock);
   ^~~~~~~~~
cc1: all warnings being treated as errors
user/makefile.mk:93: recipe for target 'user/tester.o' failed
make: *** [user/tester.o] Error 1


test lock_basic FAILED (0 of 10)
 (basic test for lock correctness)
 make failed (error 2)

Skipped 0 tests.
To keep testing after failing a test, use flag '-c' or '--continue'
